[2020-02-19 00:53:24 $2949.0]	INFO	Server is reloading all workers now
[2020-02-19 00:53:49 $2949.0]	INFO	Server is reloading all workers now
[2020-02-19 18:15:29 $21271.0]	INFO	Server is reloading all workers now
[2020-02-19 18:18:06 $21271.0]	INFO	Server is reloading all workers now
[2020-02-19 18:20:45 $21271.0]	INFO	Server is reloading all workers now
[2020-02-19 20:36:40 $21271.0]	INFO	Server is reloading all workers now
[2020-02-19 20:43:02 $21271.0]	INFO	Server is reloading all workers now
[2020-02-19 20:44:33 $21271.0]	INFO	Server is reloading all workers now
[2020-02-19 20:47:51 $21271.0]	INFO	Server is reloading all workers now
[2020-02-19 21:18:40 $21271.0]	INFO	Server is reloading all workers now
[2020-02-19 21:19:42 $21271.0]	INFO	Server is reloading all workers now
[2020-02-19 21:19:56 $21271.0]	INFO	Server is reloading all workers now
[2020-02-19 21:20:34 $21271.0]	INFO	Server is reloading all workers now
[2020-02-19 21:21:32 $21271.0]	INFO	Server is reloading all workers now
[2020-02-19 21:24:48 $21271.0]	INFO	Server is reloading all workers now
[2020-02-19 21:26:23 $21271.0]	INFO	Server is reloading all workers now
[2020-02-19 21:27:27 $21271.0]	INFO	Server is reloading all workers now
[2020-02-19 21:29:02 $21271.0]	INFO	Server is reloading all workers now
[2020-02-19 21:29:16 $21271.0]	INFO	Server is reloading all workers now
[2020-02-19 21:31:05 $21271.0]	INFO	Server is reloading all workers now
[2020-02-19 21:31:17 $21271.0]	INFO	Server is reloading all workers now
[2020-02-19 21:31:27 $21271.0]	INFO	Server is reloading all workers now
[2020-02-19 21:31:32 $21271.0]	INFO	Server is reloading all workers now
[2020-02-19 21:32:44 $21271.0]	INFO	Server is reloading all workers now
[2020-02-19 21:37:37 $21271.0]	INFO	Server is reloading all workers now
[2020-02-19 21:40:52 $21271.0]	INFO	Server is reloading all workers now
[2020-02-19 21:44:23 $21271.0]	INFO	Server is reloading all workers now
[2020-02-19 21:49:54 $21271.0]	INFO	Server is reloading all workers now
[2020-02-19 21:51:09 $21271.0]	INFO	Server is reloading all workers now
[2020-02-19 21:51:29 $21271.0]	INFO	Server is reloading all workers now
[2020-02-19 21:51:55 $21271.0]	INFO	Server is reloading all workers now
[2020-02-19 21:58:06 $21271.0]	INFO	Server is reloading all workers now
[2020-02-19 22:00:34 $21271.0]	INFO	Server is reloading all workers now
[2020-02-19 22:01:44 $21271.0]	INFO	Server is reloading all workers now
[2020-02-19 22:05:37 $21271.0]	INFO	Server is reloading all workers now
[2020-02-19 22:07:40 $21271.0]	INFO	Server is reloading all workers now
[2020-02-19 22:09:25 $21271.0]	INFO	Server is reloading all workers now
[2020-02-19 22:11:49 $21271.0]	INFO	Server is reloading all workers now
[2020-02-19 22:13:14 $21271.0]	INFO	Server is reloading all workers now
[2020-02-19 22:21:08 $21271.0]	INFO	Server is reloading all workers now
[2020-02-20 22:46:21 $48132.0]	INFO	Server is reloading all workers now
[2020-02-20 22:50:12 $48132.0]	INFO	Server is reloading all workers now
[2020-02-20 22:51:21 $48132.0]	INFO	Server is reloading all workers now
[2020-02-20 22:52:41 $48132.0]	INFO	Server is reloading all workers now
[2020-02-20 22:52:52 $48132.0]	INFO	Server is reloading all workers now
[2020-02-20 22:53:06 $48132.0]	INFO	Server is reloading all workers now
[2020-02-20 22:53:10 $48132.0]	INFO	Server is reloading all workers now
[2020-02-20 22:53:17 $48132.0]	INFO	Server is reloading all workers now
[2020-02-20 22:53:45 $48132.0]	INFO	Server is reloading all workers now
[2020-02-20 22:54:29 $48132.0]	INFO	Server is reloading all workers now
[2020-02-20 22:55:06 $48132.0]	INFO	Server is reloading all workers now
[2020-02-20 22:58:33 $48132.0]	INFO	Server is reloading all workers now
[2020-02-20 22:58:35 $48132.0]	INFO	Server is reloading all workers now
[2020-02-20 22:58:49 $48132.0]	INFO	Server is reloading all workers now
[2020-02-20 22:59:01 $48132.0]	INFO	Server is reloading all workers now
[2020-02-20 22:59:17 $48132.0]	INFO	Server is reloading all workers now
[2020-02-20 23:00:39 $48132.0]	INFO	Server is reloading all workers now
[2020-02-20 23:03:54 $48132.0]	INFO	Server is reloading all workers now
[2020-02-20 23:06:05 $48132.0]	INFO	Server is reloading all workers now
[2020-02-20 23:08:41 $48132.0]	INFO	Server is reloading all workers now
[2020-02-20 23:08:48 $48132.0]	INFO	Server is reloading all workers now
[2020-02-20 23:09:22 $48132.0]	INFO	Server is reloading all workers now
[2020-02-20 23:10:38 $48132.0]	INFO	Server is reloading all workers now
[2020-02-20 23:11:11 $48132.0]	INFO	Server is reloading all workers now
[2020-02-20 23:11:38 $48132.0]	INFO	Server is reloading all workers now
[2020-02-20 23:11:45 $48132.0]	INFO	Server is reloading all workers now
[2020-02-20 23:15:44 $48132.0]	INFO	Server is reloading all workers now
[2020-02-20 23:18:07 $48132.0]	INFO	Server is reloading all workers now
[2020-02-20 23:18:17 $48132.0]	INFO	Server is reloading all workers now
[2020-02-20 23:21:50 $48132.0]	INFO	Server is reloading all workers now
[2020-02-20 23:22:01 $48132.0]	INFO	Server is reloading all workers now
[2020-02-20 23:22:15 $48132.0]	INFO	Server is reloading all workers now
[2020-02-20 23:22:44 $48132.0]	INFO	Server is reloading all workers now
[2020-02-20 23:22:46 $48132.0]	INFO	Server is reloading all workers now
[2020-02-20 23:23:23 $48132.0]	INFO	Server is reloading all workers now
[2020-02-20 23:23:31 $48132.0]	INFO	Server is reloading all workers now
[2020-02-20 23:24:23 $48132.0]	INFO	Server is reloading all workers now
[2020-02-20 23:27:40 $48132.0]	INFO	Server is reloading all workers now
[2020-02-20 23:27:47 $48132.0]	INFO	Server is reloading all workers now
[2020-02-20 23:28:25 $48132.0]	INFO	Server is reloading all workers now
[2020-02-20 23:30:06 $48132.0]	INFO	Server is reloading all workers now
[2020-02-20 23:45:37 $48132.0]	INFO	Server is reloading all workers now
[2020-02-20 23:47:51 $48132.0]	INFO	Server is reloading all workers now
[2020-02-20 23:51:28 $48132.0]	INFO	Server is reloading all workers now
[2020-02-25 18:02:52 $73048.0]	INFO	Server is reloading all workers now
[2020-02-25 18:03:41 $73048.0]	INFO	Server is reloading all workers now
[2020-02-25 18:09:09 $73048.0]	INFO	Server is reloading all workers now
[2020-02-25 18:35:44 $73048.0]	INFO	Server is reloading all workers now
[2020-02-25 18:41:16 $73048.0]	INFO	Server is reloading all workers now
[2020-02-25 18:41:26 $73048.0]	INFO	Server is reloading all workers now
[2020-02-25 18:48:29 $73048.0]	INFO	Server is reloading all workers now
[2020-02-25 18:49:00 $73048.0]	INFO	Server is reloading all workers now
[2020-02-25 18:51:12 $73048.0]	INFO	Server is reloading all workers now
[2020-02-25 18:52:45 $73048.0]	INFO	Server is reloading all workers now
[2020-02-25 18:52:50 $73048.0]	INFO	Server is reloading all workers now
[2020-02-25 18:57:17 $73048.0]	INFO	Server is reloading all workers now
[2020-02-25 18:58:15 $73048.0]	INFO	Server is reloading all workers now
[2020-02-25 18:59:17 $73048.0]	INFO	Server is reloading all workers now
[2020-02-25 18:59:54 $73048.0]	INFO	Server is reloading all workers now
[2020-02-25 19:00:43 $73048.0]	INFO	Server is reloading all workers now
[2020-02-25 19:01:39 $73048.0]	INFO	Server is reloading all workers now
[2020-02-25 19:01:44 $73048.0]	INFO	Server is reloading all workers now
[2020-02-25 19:02:00 $73048.0]	INFO	Server is reloading all workers now
[2020-02-25 19:02:33 $73048.0]	INFO	Server is reloading all workers now
[2020-02-25 19:04:58 $73048.0]	INFO	Server is reloading all workers now
[2020-02-25 19:05:05 $73048.0]	INFO	Server is reloading all workers now
[2020-02-25 19:05:57 $73048.0]	INFO	Server is reloading all workers now
[2020-02-25 19:06:01 $73048.0]	INFO	Server is reloading all workers now
[2020-02-25 19:06:11 $73048.0]	INFO	Server is reloading all workers now
[2020-02-25 19:06:27 $73048.0]	INFO	Server is reloading all workers now
[2020-02-25 19:07:21 $73048.0]	INFO	Server is reloading all workers now
[2020-02-25 19:07:34 $73048.0]	INFO	Server is reloading all workers now
[2020-02-25 19:08:08 $73048.0]	INFO	Server is reloading all workers now
[2020-02-25 19:18:37 $73048.0]	INFO	Server is reloading all workers now
[2020-02-25 19:19:31 *77513.5]	NOTICE	swFactoryProcess_finish (ERRNO 1005): connection[fd=11] does not exists
[2020-02-25 19:24:53 $73048.0]	INFO	Server is reloading all workers now
[2020-02-25 19:25:03 $73048.0]	INFO	Server is reloading all workers now
[2020-02-25 19:25:14 $73048.0]	INFO	Server is reloading all workers now
[2020-02-25 19:25:48 $73048.0]	INFO	Server is reloading all workers now
[2020-02-25 19:26:15 $73048.0]	INFO	Server is reloading all workers now
[2020-02-25 19:26:54 $73048.0]	INFO	Server is reloading all workers now
[2020-02-25 19:28:01 $73048.0]	INFO	Server is reloading all workers now
[2020-02-25 19:28:24 $73048.0]	INFO	Server is reloading all workers now
[2020-02-25 19:46:30 $73048.0]	INFO	Server is reloading all workers now
[2020-02-25 21:17:05 $73048.0]	INFO	Server is reloading all workers now
[2020-02-25 21:17:11 $73048.0]	INFO	Server is reloading all workers now
[2020-02-25 21:17:19 $73048.0]	INFO	Server is reloading all workers now
[2020-02-25 21:17:41 $73048.0]	INFO	Server is reloading all workers now
[2020-02-25 21:17:53 $73048.0]	INFO	Server is reloading all workers now
[2020-02-25 21:28:36 $73048.0]	INFO	Server is reloading all workers now
[2020-02-25 21:32:02 $73048.0]	INFO	Server is reloading all workers now
[2020-02-25 21:34:42 $73048.0]	INFO	Server is reloading all workers now
[2020-02-25 21:35:03 $73048.0]	INFO	Server is reloading all workers now
[2020-02-25 21:35:32 $73048.0]	INFO	Server is reloading all workers now
[2020-02-25 21:35:49 $73048.0]	INFO	Server is reloading all workers now
[2020-02-25 21:41:56 $73048.0]	INFO	Server is reloading all workers now
[2020-02-25 21:42:32 $73048.0]	INFO	Server is reloading all workers now
[2020-02-25 21:43:03 $73048.0]	INFO	Server is reloading all workers now
[2020-02-25 21:43:55 $73048.0]	INFO	Server is reloading all workers now
[2020-02-25 21:44:03 $73048.0]	INFO	Server is reloading all workers now
[2020-02-25 21:44:16 $73048.0]	INFO	Server is reloading all workers now
[2020-02-25 21:49:36 $79920.0]	INFO	Server is reloading all workers now
[2020-02-25 21:49:50 $79920.0]	INFO	Server is reloading all workers now
[2020-02-25 21:50:30 $79920.0]	INFO	Server is reloading all workers now
[2020-02-27 20:32:24 *43894.6]	NOTICE	swFactoryProcess_finish (ERRNO 1004): send 691 byte failed, because connection[fd=2] is closed
[2020-02-27 22:12:34 $43887.0]	INFO	Server is reloading all workers now
[2020-02-27 22:49:01 $43887.0]	INFO	Server is reloading all workers now
[2020-02-29 18:18:16 $86606.0]	INFO	Server is reloading all workers now
[2020-02-29 18:28:07 *86707.5]	NOTICE	swFactoryProcess_finish (ERRNO 1005): connection[fd=1] does not exists
[2020-02-29 19:45:15 $86943.0]	INFO	Server is reloading all workers now
[2020-02-29 19:45:55 $86943.0]	INFO	Server is reloading all workers now
[2020-02-29 19:48:21 $86943.0]	INFO	Server is reloading all workers now
[2020-02-29 19:48:25 $86943.0]	INFO	Server is reloading all workers now
[2020-02-29 19:49:17 $86943.0]	INFO	Server is reloading all workers now
[2020-02-29 19:50:17 $86943.0]	INFO	Server is reloading all workers now
[2020-02-29 19:50:45 $86943.0]	INFO	Server is reloading all workers now
[2020-02-29 19:51:01 $86943.0]	INFO	Server is reloading all workers now
[2020-02-29 19:51:23 $86943.0]	INFO	Server is reloading all workers now
[2020-02-29 19:53:55 $86943.0]	INFO	Server is reloading all workers now
[2020-02-29 19:54:52 $86943.0]	INFO	Server is reloading all workers now
[2020-02-29 19:55:17 $86943.0]	INFO	Server is reloading all workers now
[2020-02-29 20:00:54 $86943.0]	INFO	Server is reloading all workers now
[2020-02-29 20:01:03 $86943.0]	INFO	Server is reloading all workers now
[2020-02-29 20:01:11 *88521.5]	NOTICE	swFactoryProcess_finish (ERRNO 1005): connection[fd=8] does not exists
[2020-02-29 20:01:38 $86943.0]	INFO	Server is reloading all workers now
[2020-02-29 20:03:38 *88539.5]	NOTICE	swFactoryProcess_finish (ERRNO 1005): connection[fd=9] does not exists
[2020-02-29 20:40:16 $86943.0]	INFO	Server is reloading all workers now
[2020-02-29 20:40:41 $86943.0]	INFO	Server is reloading all workers now
[2020-02-29 20:50:08 $86943.0]	INFO	Server is reloading all workers now
[2020-02-29 20:53:37 $86943.0]	INFO	Server is reloading all workers now
[2020-02-29 20:55:52 $86943.0]	INFO	Server is reloading all workers now
[2020-02-29 20:58:12 $86943.0]	INFO	Server is reloading all workers now
[2020-02-29 20:58:19 $86943.0]	INFO	Server is reloading all workers now
[2020-02-29 20:59:47 $86943.0]	INFO	Server is reloading all workers now
[2020-02-29 21:01:33 *89524.5]	NOTICE	swFactoryProcess_finish (ERRNO 1005): connection[fd=13] does not exists
[2020-02-29 21:09:56 $86943.0]	INFO	Server is reloading all workers now
[2020-02-29 22:24:31 $86943.0]	INFO	Server is reloading all workers now
[2020-02-29 22:24:40 $86943.0]	INFO	Server is reloading all workers now
[2020-02-29 22:56:45 $86943.0]	INFO	Server is reloading all workers now
[2020-02-29 22:57:22 $86943.0]	INFO	Server is reloading all workers now
[2020-02-29 22:57:56 $86943.0]	INFO	Server is reloading all workers now
[2020-02-29 23:00:12 $86943.0]	INFO	Server is reloading all workers now
[2020-02-29 23:01:45 $86943.0]	INFO	Server is reloading all workers now
[2020-02-29 23:02:23 $86943.0]	INFO	Server is reloading all workers now
[2020-02-29 23:07:10 $86943.0]	INFO	Server is reloading all workers now
[2020-02-29 23:08:32 $86943.0]	INFO	Server is reloading all workers now
[2020-02-29 23:09:54 $86943.0]	INFO	Server is reloading all workers now
[2020-02-29 23:12:23 $86943.0]	INFO	Server is reloading all workers now
[2020-02-29 23:12:56 $86943.0]	INFO	Server is reloading all workers now
[2020-02-29 23:14:15 $86943.0]	INFO	Server is reloading all workers now
[2020-02-29 23:17:21 $86943.0]	INFO	Server is reloading all workers now
[2020-02-29 23:18:10 $86943.0]	INFO	Server is reloading all workers now
[2020-02-29 23:18:32 $86943.0]	INFO	Server is reloading all workers now
[2020-02-29 23:21:25 $86943.0]	INFO	Server is reloading all workers now
[2020-02-29 23:23:06 $86943.0]	INFO	Server is reloading all workers now
[2020-02-29 23:23:32 $86943.0]	INFO	Server is reloading all workers now
[2020-02-29 23:23:52 $86943.0]	INFO	Server is reloading all workers now
[2020-03-01 00:01:31 *92017.5]	NOTICE	swFactoryProcess_finish (ERRNO 1005): connection[fd=26] does not exists
[2020-03-01 00:42:36 $86943.0]	INFO	Server is reloading all workers now
[2020-03-01 00:44:44 $86943.0]	INFO	Server is reloading all workers now
[2020-03-01 00:49:18 $86943.0]	INFO	Server is reloading all workers now
[2020-03-01 00:50:08 $86943.0]	INFO	Server is reloading all workers now
[2020-03-01 00:52:31 $86943.0]	INFO	Server is reloading all workers now
[2020-03-01 00:55:03 $86943.0]	INFO	Server is reloading all workers now
[2020-03-01 00:55:16 $86943.0]	INFO	Server is reloading all workers now
[2020-03-01 00:55:22 $86943.0]	INFO	Server is reloading all workers now
[2020-03-01 00:56:01 $86943.0]	INFO	Server is reloading all workers now
[2020-03-01 00:56:31 $86943.0]	INFO	Server is reloading all workers now
[2020-03-01 00:56:55 $86943.0]	INFO	Server is reloading all workers now
[2020-03-01 00:57:01 $86943.0]	INFO	Server is reloading all workers now
[2020-03-01 00:57:08 $86943.0]	INFO	Server is reloading all workers now
[2020-03-01 00:57:13 $86943.0]	INFO	Server is reloading all workers now
[2020-03-01 00:57:19 $86943.0]	INFO	Server is reloading all workers now
[2020-03-01 00:58:04 $86943.0]	INFO	Server is reloading all workers now
[2020-03-01 00:58:06 $86943.0]	INFO	Server is reloading all workers now
[2020-03-01 00:58:11 $86943.0]	INFO	Server is reloading all workers now
[2020-03-01 00:58:22 $86943.0]	INFO	Server is reloading all workers now
[2020-03-01 00:58:30 $86943.0]	INFO	Server is reloading all workers now
[2020-03-01 00:58:51 $86943.0]	INFO	Server is reloading all workers now
[2020-03-01 00:59:11 $86943.0]	INFO	Server is reloading all workers now
[2020-03-01 00:59:35 $86943.0]	INFO	Server is reloading all workers now
[2020-03-01 00:59:42 $86943.0]	INFO	Server is reloading all workers now
[2020-03-01 00:59:44 $86943.0]	INFO	Server is reloading all workers now
[2020-03-01 01:00:40 $86943.0]	INFO	Server is reloading all workers now
[2020-03-01 01:00:52 $86943.0]	INFO	Server is reloading all workers now
[2020-03-01 01:01:02 $86943.0]	INFO	Server is reloading all workers now
[2020-03-01 01:01:25 $86943.0]	INFO	Server is reloading all workers now
[2020-03-01 01:01:28 $86943.0]	INFO	Server is reloading all workers now
[2020-03-01 01:01:34 $86943.0]	INFO	Server is reloading all workers now
[2020-03-01 01:01:43 $86943.0]	INFO	Server is reloading all workers now
[2020-03-01 01:02:04 $86943.0]	INFO	Server is reloading all workers now
[2020-03-01 01:02:12 $86943.0]	INFO	Server is reloading all workers now
[2020-03-01 01:02:19 $86943.0]	INFO	Server is reloading all workers now
[2020-03-01 01:02:28 $86943.0]	INFO	Server is reloading all workers now
[2020-03-01 01:02:39 $86943.0]	INFO	Server is reloading all workers now
[2020-03-01 01:02:51 $86943.0]	INFO	Server is reloading all workers now
[2020-03-01 01:02:57 $86943.0]	INFO	Server is reloading all workers now
[2020-03-01 01:03:21 $86943.0]	INFO	Server is reloading all workers now
[2020-03-01 01:03:34 $86943.0]	INFO	Server is reloading all workers now
[2020-03-01 01:04:05 $86943.0]	INFO	Server is reloading all workers now
[2020-03-01 01:04:41 $86943.0]	INFO	Server is reloading all workers now
[2020-03-01 01:04:55 *94026.6]	NOTICE	swFactoryProcess_finish (ERRNO 1005): connection[fd=30] does not exists
[2020-03-01 01:05:19 $86943.0]	INFO	Server is reloading all workers now
[2020-03-01 01:08:08 $86943.0]	INFO	Server is reloading all workers now
[2020-03-01 01:08:35 $86943.0]	INFO	Server is reloading all workers now
[2020-03-01 01:08:49 $86943.0]	INFO	Server is reloading all workers now
[2020-03-01 01:09:03 $86943.0]	INFO	Server is reloading all workers now
[2020-03-01 01:09:22 $86943.0]	INFO	Server is reloading all workers now
[2020-03-01 01:09:40 $86943.0]	INFO	Server is reloading all workers now
[2020-03-01 01:09:59 $86943.0]	INFO	Server is reloading all workers now
[2020-03-01 01:10:11 $86943.0]	INFO	Server is reloading all workers now
[2020-03-01 01:10:15 $86943.0]	INFO	Server is reloading all workers now
[2020-03-01 01:10:37 $86943.0]	INFO	Server is reloading all workers now
[2020-03-01 01:10:39 $86943.0]	INFO	Server is reloading all workers now
[2020-03-01 01:10:54 $86943.0]	INFO	Server is reloading all workers now
[2020-03-01 01:11:01 $86943.0]	INFO	Server is reloading all workers now
[2020-03-01 01:11:15 $86943.0]	INFO	Server is reloading all workers now
[2020-03-01 01:11:17 $86943.0]	INFO	Server is reloading all workers now
[2020-03-01 01:11:36 $86943.0]	INFO	Server is reloading all workers now
[2020-03-01 01:11:53 $86943.0]	INFO	Server is reloading all workers now
[2020-03-01 01:21:02 $86943.0]	INFO	Server is reloading all workers now
[2020-03-01 01:22:03 $86943.0]	INFO	Server is reloading all workers now
[2020-03-01 01:22:13 $86943.0]	INFO	Server is reloading all workers now
[2020-03-01 01:22:15 $86943.0]	INFO	Server is reloading all workers now
[2020-03-01 01:23:58 $86943.0]	INFO	Server is reloading all workers now
[2020-03-02 15:40:00 *94548.6]	NOTICE	swFactoryProcess_finish (ERRNO 1005): connection[fd=43] does not exists
[2020-03-03 14:16:14 $48768.0]	INFO	Server is reloading all workers now
[2020-03-03 14:17:20 $48768.0]	INFO	Server is reloading all workers now
[2020-03-03 14:18:23 $48768.0]	INFO	Server is reloading all workers now
[2020-03-03 14:18:25 $48768.0]	INFO	Server is reloading all workers now
[2020-03-03 14:19:04 $48768.0]	INFO	Server is reloading all workers now
[2020-03-03 14:19:10 $48768.0]	INFO	Server is reloading all workers now
[2020-03-03 14:19:32 $48768.0]	INFO	Server is reloading all workers now
[2020-03-03 14:20:07 $48768.0]	INFO	Server is reloading all workers now
[2020-03-03 14:20:33 $48768.0]	INFO	Server is reloading all workers now
[2020-03-03 14:20:39 $48768.0]	INFO	Server is reloading all workers now
[2020-03-03 14:22:11 $48768.0]	INFO	Server is reloading all workers now
[2020-03-03 14:22:18 $48768.0]	INFO	Server is reloading all workers now
[2020-03-03 14:22:41 $48768.0]	INFO	Server is reloading all workers now
[2020-03-03 14:23:08 $48768.0]	INFO	Server is reloading all workers now
[2020-03-03 14:23:45 $48768.0]	INFO	Server is reloading all workers now
[2020-03-03 14:24:11 $48768.0]	INFO	Server is reloading all workers now
[2020-03-03 14:24:20 $48768.0]	INFO	Server is reloading all workers now
[2020-03-03 14:24:40 $48768.0]	INFO	Server is reloading all workers now
[2020-03-03 14:25:19 $48768.0]	INFO	Server is reloading all workers now
[2020-03-03 14:25:45 *50160.5]	NOTICE	swFactoryProcess_finish (ERRNO 1005): connection[fd=4] does not exists
[2020-03-03 14:37:35 $48768.0]	INFO	Server is reloading all workers now
[2020-03-03 14:37:47 $48768.0]	INFO	Server is reloading all workers now
[2020-03-03 14:38:19 $48768.0]	INFO	Server is reloading all workers now
[2020-03-03 14:38:54 $48768.0]	INFO	Server is reloading all workers now
[2020-03-03 14:39:19 $48768.0]	INFO	Server is reloading all workers now
[2020-03-03 14:41:21 $48768.0]	INFO	Server is reloading all workers now
[2020-03-03 14:41:29 $48768.0]	INFO	Server is reloading all workers now
[2020-03-03 14:41:53 $48768.0]	INFO	Server is reloading all workers now
[2020-03-03 14:42:16 $48768.0]	INFO	Server is reloading all workers now
[2020-03-03 14:43:07 $48768.0]	INFO	Server is reloading all workers now
[2020-03-03 14:44:21 $48768.0]	INFO	Server is reloading all workers now
[2020-03-03 14:45:39 $48768.0]	INFO	Server is reloading all workers now
[2020-03-03 14:47:11 $48768.0]	INFO	Server is reloading all workers now
[2020-03-03 14:47:24 *50653.5]	NOTICE	swFactoryProcess_finish (ERRNO 1005): connection[fd=7] does not exists
[2020-03-03 14:48:33 $48768.0]	INFO	Server is reloading all workers now
[2020-03-03 14:48:58 $48768.0]	INFO	Server is reloading all workers now
[2020-03-03 15:11:13 $48768.0]	INFO	Server is reloading all workers now
[2020-03-03 15:20:06 $48768.0]	INFO	Server is reloading all workers now
[2020-03-03 15:30:46 $48768.0]	INFO	Server is reloading all workers now
[2020-03-03 15:30:59 $48768.0]	INFO	Server is reloading all workers now
[2020-03-03 15:31:13 $48768.0]	INFO	Server is reloading all workers now
[2020-03-03 15:32:35 $48768.0]	INFO	Server is reloading all workers now
[2020-03-03 15:33:18 $48768.0]	INFO	Server is reloading all workers now
[2020-03-03 15:34:42 $48768.0]	INFO	Server is reloading all workers now
[2020-03-03 15:34:47 $48768.0]	INFO	Server is reloading all workers now
[2020-03-03 16:07:28 $48768.0]	INFO	Server is reloading all workers now
[2020-03-03 16:08:02 $48768.0]	INFO	Server is reloading all workers now
[2020-03-03 16:09:20 $48768.0]	INFO	Server is reloading all workers now
[2020-03-03 16:14:55 $48768.0]	INFO	Server is reloading all workers now
[2020-03-03 16:15:11 $48768.0]	INFO	Server is reloading all workers now
[2020-03-03 16:15:33 $48768.0]	INFO	Server is reloading all workers now
[2020-03-03 16:15:59 $48768.0]	INFO	Server is reloading all workers now
[2020-03-03 16:16:04 $48768.0]	INFO	Server is reloading all workers now
[2020-03-03 16:16:14 $48768.0]	INFO	Server is reloading all workers now
[2020-03-03 16:16:34 $48768.0]	INFO	Server is reloading all workers now
[2020-03-03 16:17:24 $48768.0]	INFO	Server is reloading all workers now
[2020-03-03 16:17:40 $48768.0]	INFO	Server is reloading all workers now
[2020-03-03 16:17:45 $48768.0]	INFO	Server is reloading all workers now
[2020-03-03 16:19:09 $48768.0]	INFO	Server is reloading all workers now
[2020-03-03 16:19:51 $48768.0]	INFO	Server is reloading all workers now
[2020-03-03 16:21:52 $48768.0]	INFO	Server is reloading all workers now
[2020-03-03 16:22:07 $48768.0]	INFO	Server is reloading all workers now
[2020-03-03 17:42:10 $52655.0]	INFO	Server is reloading all workers now
[2020-03-03 17:42:27 $52655.0]	INFO	Server is reloading all workers now
[2020-03-03 17:43:49 $52655.0]	INFO	Server is reloading all workers now
[2020-03-03 17:44:18 $52655.0]	INFO	Server is reloading all workers now
[2020-03-03 17:49:35 *53734.5]	NOTICE	swFactoryProcess_finish (ERRNO 1005): connection[fd=4] does not exists
[2020-03-03 17:52:35 $52655.0]	INFO	Server is reloading all workers now
[2020-03-03 17:54:03 $52655.0]	INFO	Server is reloading all workers now
[2020-03-03 17:54:44 $52655.0]	INFO	Server is reloading all workers now
[2020-03-03 17:55:47 $52655.0]	INFO	Server is reloading all workers now
[2020-03-03 17:56:24 $52655.0]	INFO	Server is reloading all workers now
[2020-03-03 17:56:41 $52655.0]	INFO	Server is reloading all workers now
[2020-03-03 17:56:57 $52655.0]	INFO	Server is reloading all workers now
[2020-03-03 17:58:20 $52655.0]	INFO	Server is reloading all workers now
[2020-03-03 17:58:49 $52655.0]	INFO	Server is reloading all workers now
[2020-03-03 18:00:46 $52655.0]	INFO	Server is reloading all workers now
[2020-03-03 18:00:48 $52655.0]	INFO	Server is reloading all workers now
[2020-03-03 18:01:23 $52655.0]	INFO	Server is reloading all workers now
[2020-03-03 18:01:51 $52655.0]	INFO	Server is reloading all workers now
[2020-03-03 18:02:03 $52655.0]	INFO	Server is reloading all workers now
[2020-03-03 18:03:26 $52655.0]	INFO	Server is reloading all workers now
[2020-03-03 18:04:21 $52655.0]	INFO	Server is reloading all workers now
[2020-03-03 18:04:39 $52655.0]	INFO	Server is reloading all workers now
[2020-03-03 18:05:36 $52655.0]	INFO	Server is reloading all workers now
[2020-03-03 18:05:59 $52655.0]	INFO	Server is reloading all workers now
[2020-03-03 18:07:04 $52655.0]	INFO	Server is reloading all workers now
[2020-03-03 18:07:11 $52655.0]	INFO	Server is reloading all workers now
[2020-03-03 18:07:17 $52655.0]	INFO	Server is reloading all workers now
[2020-03-03 18:07:42 $52655.0]	INFO	Server is reloading all workers now
[2020-03-03 18:07:50 $52655.0]	INFO	Server is reloading all workers now
[2020-03-03 18:07:55 *54303.5]	NOTICE	swFactoryProcess_finish (ERRNO 1005): connection[fd=6] does not exists
[2020-03-03 18:16:54 *54303.5]	NOTICE	swFactoryProcess_finish (ERRNO 1004): send 892 byte failed, because connection[fd=7] is closed
[2020-03-03 18:16:54 *54303.5]	NOTICE	swFactoryProcess_finish (ERRNO 1005): connection[fd=31] does not exists
[2020-03-03 18:16:54 *54303.5]	NOTICE	swFactoryProcess_finish (ERRNO 1005): connection[fd=15] does not exists
[2020-03-03 18:16:54 *54303.5]	NOTICE	swFactoryProcess_finish (ERRNO 1005): connection[fd=23] does not exists
[2020-03-03 18:16:55 *54305.7]	NOTICE	swFactoryProcess_finish (ERRNO 1005): connection[fd=33] does not exists
[2020-03-03 18:16:55 *54301.3]	NOTICE	swFactoryProcess_finish (ERRNO 1005): connection[fd=29] does not exists
[2020-03-03 18:16:55 *54298.1]	NOTICE	swFactoryProcess_finish (ERRNO 1005): connection[fd=27] does not exists
[2020-03-03 18:16:55 *54300.2]	NOTICE	swFactoryProcess_finish (ERRNO 1005): connection[fd=28] does not exists
[2020-03-03 18:16:55 *54301.3]	NOTICE	swFactoryProcess_finish (ERRNO 1005): connection[fd=21] does not exists
[2020-03-03 18:16:55 *54305.7]	NOTICE	swFactoryProcess_finish (ERRNO 1005): connection[fd=9] does not exists
[2020-03-03 18:16:55 *54298.1]	NOTICE	swFactoryProcess_finish (ERRNO 1005): connection[fd=19] does not exists
[2020-03-03 18:16:55 *54305.7]	NOTICE	swFactoryProcess_finish (ERRNO 1005): connection[fd=25] does not exists
[2020-03-03 18:16:55 *54300.2]	NOTICE	swFactoryProcess_finish (ERRNO 1005): connection[fd=12] does not exists
[2020-03-03 18:16:55 *54302.4]	NOTICE	swFactoryProcess_finish (ERRNO 1005): connection[fd=30] does not exists
[2020-03-03 18:16:55 *54305.7]	NOTICE	swFactoryProcess_finish (ERRNO 1005): connection[fd=17] does not exists
[2020-03-03 18:16:55 *54302.4]	NOTICE	swFactoryProcess_finish (ERRNO 1005): connection[fd=14] does not exists
[2020-03-03 18:16:55 *54301.3]	NOTICE	swFactoryProcess_finish (ERRNO 1005): connection[fd=13] does not exists
[2020-03-03 18:16:55 *54304.6]	NOTICE	swFactoryProcess_finish (ERRNO 1005): connection[fd=8] does not exists
[2020-03-03 18:16:55 *54300.2]	NOTICE	swFactoryProcess_finish (ERRNO 1005): connection[fd=20] does not exists
[2020-03-03 18:16:55 *54304.6]	NOTICE	swFactoryProcess_finish (ERRNO 1005): connection[fd=16] does not exists
[2020-03-03 18:16:55 *54299.0]	NOTICE	swFactoryProcess_finish (ERRNO 1005): connection[fd=26] does not exists
[2020-03-03 18:16:55 *54304.6]	NOTICE	swFactoryProcess_finish (ERRNO 1005): connection[fd=32] does not exists
[2020-03-03 18:16:55 *54298.1]	NOTICE	swFactoryProcess_finish (ERRNO 1005): connection[fd=11] does not exists
[2020-03-03 18:16:55 *54302.4]	NOTICE	swFactoryProcess_finish (ERRNO 1005): connection[fd=22] does not exists
[2020-03-03 18:16:55 *54304.6]	NOTICE	swFactoryProcess_finish (ERRNO 1005): connection[fd=24] does not exists
[2020-03-03 18:16:55 *54299.0]	NOTICE	swFactoryProcess_finish (ERRNO 1005): connection[fd=10] does not exists
[2020-03-03 18:16:55 *54299.0]	NOTICE	swFactoryProcess_finish (ERRNO 1005): connection[fd=18] does not exists
[2020-03-03 18:18:49 $54446.0]	INFO	Server is reloading all workers now
[2020-03-03 18:18:56 $54446.0]	INFO	Server is reloading all workers now
[2020-03-03 18:20:28 $54446.0]	INFO	Server is reloading all workers now
[2020-03-03 18:20:43 $54446.0]	INFO	Server is reloading all workers now
[2020-03-03 18:20:52 $54446.0]	INFO	Server is reloading all workers now
[2020-03-03 18:22:01 $54446.0]	INFO	Server is reloading all workers now
[2020-03-03 18:22:56 $54446.0]	INFO	Server is reloading all workers now
[2020-03-03 18:23:07 $54446.0]	INFO	Server is reloading all workers now
[2020-03-03 18:23:25 $54446.0]	INFO	Server is reloading all workers now
[2020-03-03 18:23:29 *54642.5]	NOTICE	swFactoryProcess_finish (ERRNO 1005): connection[fd=1] does not exists
[2020-03-03 18:24:29 $54446.0]	INFO	Server is reloading all workers now
[2020-03-03 18:25:48 $54446.0]	INFO	Server is reloading all workers now
[2020-03-03 18:26:18 $54446.0]	INFO	Server is reloading all workers now
[2020-03-03 18:26:46 $54446.0]	INFO	Server is reloading all workers now
[2020-03-03 18:27:19 $54446.0]	INFO	Server is reloading all workers now
[2020-03-03 18:27:33 $54446.0]	INFO	Server is reloading all workers now
[2020-03-03 18:27:56 $54446.0]	INFO	Server is reloading all workers now
[2020-03-03 18:28:01 $54446.0]	INFO	Server is reloading all workers now
[2020-03-03 18:55:06 $54446.0]	INFO	Server is reloading all workers now
[2020-03-03 18:56:17 $54446.0]	INFO	Server is reloading all workers now
[2020-03-03 18:56:26 $54446.0]	INFO	Server is reloading all workers now
[2020-03-03 18:56:34 $54446.0]	INFO	Server is reloading all workers now
[2020-03-03 18:57:06 $54446.0]	INFO	Server is reloading all workers now
[2020-03-03 18:57:49 $54446.0]	INFO	Server is reloading all workers now
[2020-03-03 18:58:09 $54446.0]	INFO	Server is reloading all workers now
[2020-03-03 18:58:31 $54446.0]	INFO	Server is reloading all workers now
[2020-03-03 18:59:03 $54446.0]	INFO	Server is reloading all workers now
[2020-03-03 18:59:11 $54446.0]	INFO	Server is reloading all workers now
[2020-03-03 19:00:12 $54446.0]	INFO	Server is reloading all workers now
[2020-03-03 19:01:03 $54446.0]	INFO	Server is reloading all workers now
[2020-03-03 19:02:17 $54446.0]	INFO	Server is reloading all workers now
[2020-03-03 19:02:19 $54446.0]	INFO	Server is reloading all workers now
[2020-03-03 19:02:24 $54446.0]	INFO	Server is reloading all workers now
[2020-03-03 19:02:32 $54446.0]	INFO	Server is reloading all workers now
[2020-03-03 19:03:19 $54446.0]	INFO	Server is reloading all workers now
[2020-03-03 19:04:42 $54446.0]	INFO	Server is reloading all workers now
[2020-03-03 19:05:50 $54446.0]	INFO	Server is reloading all workers now
[2020-03-03 19:06:05 $54446.0]	INFO	Server is reloading all workers now
[2020-03-03 19:06:44 $54446.0]	INFO	Server is reloading all workers now
[2020-03-03 19:17:30 $54446.0]	INFO	Server is reloading all workers now
[2020-03-03 19:17:44 *55778.6]	NOTICE	swFactoryProcess_finish (ERRNO 1005): connection[fd=6] does not exists
[2020-03-03 19:19:31 *55833.5]	NOTICE	swFactoryProcess_finish (ERRNO 1005): connection[fd=1] does not exists
[2020-03-03 19:19:47 $55827.0]	INFO	Server is reloading all workers now
[2020-03-03 19:19:51 $55827.0]	INFO	Server is reloading all workers now
[2020-03-03 19:29:22 $55827.0]	INFO	Server is reloading all workers now
[2020-03-03 19:29:44 $55827.0]	INFO	Server is reloading all workers now
[2020-03-03 19:30:01 $55827.0]	INFO	Server is reloading all workers now
[2020-03-03 20:04:18 $55827.0]	INFO	Server is reloading all workers now
[2020-03-03 20:07:18 $55827.0]	INFO	Server is reloading all workers now
[2020-03-03 20:08:19 $55827.0]	INFO	Server is reloading all workers now
[2020-03-03 20:09:30 $55827.0]	INFO	Server is reloading all workers now
[2020-03-03 20:14:18 *56697.6]	NOTICE	swFactoryProcess_finish (ERRNO 1005): connection[fd=6] does not exists
[2020-03-03 20:14:18 *56696.5]	NOTICE	swFactoryProcess_finish (ERRNO 1005): connection[fd=5] does not exists
[2020-03-04 14:48:15 $76241.0]	INFO	Server is reloading all workers now
[2020-03-04 14:48:51 $76241.0]	INFO	Server is reloading all workers now
[2020-03-04 14:49:27 $76241.0]	INFO	Server is reloading all workers now
[2020-03-04 14:49:40 $76241.0]	INFO	Server is reloading all workers now
[2020-03-04 14:50:02 $76241.0]	INFO	Server is reloading all workers now
[2020-03-04 14:50:08 $76241.0]	INFO	Server is reloading all workers now
[2020-03-04 14:52:06 $76241.0]	INFO	Server is reloading all workers now
[2020-03-04 14:52:38 $76241.0]	INFO	Server is reloading all workers now
[2020-03-04 14:56:57 $76241.0]	INFO	Server is reloading all workers now
[2020-03-04 14:57:04 $76241.0]	INFO	Server is reloading all workers now
[2020-03-04 14:57:31 $76241.0]	INFO	Server is reloading all workers now
[2020-03-04 19:15:32 $76241.0]	INFO	Server is reloading all workers now
[2020-03-04 19:16:17 $76241.0]	INFO	Server is reloading all workers now
[2020-03-04 19:16:25 $76241.0]	INFO	Server is reloading all workers now
[2020-03-04 19:16:48 $76241.0]	INFO	Server is reloading all workers now
[2020-03-04 19:17:03 $76241.0]	INFO	Server is reloading all workers now
[2020-03-04 19:18:24 $76241.0]	INFO	Server is reloading all workers now
[2020-03-04 19:18:37 $76241.0]	INFO	Server is reloading all workers now
[2020-03-04 19:19:27 $76241.0]	INFO	Server is reloading all workers now
[2020-03-04 19:19:31 $76241.0]	INFO	Server is reloading all workers now
[2020-03-04 19:19:56 $76241.0]	INFO	Server is reloading all workers now
[2020-03-04 19:23:21 $76241.0]	INFO	Server is reloading all workers now
[2020-03-04 19:23:40 $76241.0]	INFO	Server is reloading all workers now
[2020-03-04 19:24:08 $76241.0]	INFO	Server is reloading all workers now
[2020-03-04 19:24:14 $76241.0]	INFO	Server is reloading all workers now
[2020-03-04 19:29:43 $76241.0]	INFO	Server is reloading all workers now
[2020-03-04 19:29:53 $76241.0]	INFO	Server is reloading all workers now
[2020-03-04 19:30:10 $76241.0]	INFO	Server is reloading all workers now
[2020-03-04 19:30:44 $76241.0]	INFO	Server is reloading all workers now
[2020-03-04 19:31:42 $76241.0]	INFO	Server is reloading all workers now
[2020-03-04 19:31:59 $76241.0]	INFO	Server is reloading all workers now
[2020-03-04 19:32:13 $76241.0]	INFO	Server is reloading all workers now
[2020-03-04 19:32:18 $76241.0]	INFO	Server is reloading all workers now
[2020-03-04 19:32:32 $76241.0]	INFO	Server is reloading all workers now
[2020-03-04 19:32:59 $76241.0]	INFO	Server is reloading all workers now
[2020-03-04 19:33:13 $76241.0]	INFO	Server is reloading all workers now
[2020-03-04 19:37:13 $76241.0]	INFO	Server is reloading all workers now
[2020-03-04 19:37:33 $76241.0]	INFO	Server is reloading all workers now
[2020-03-04 19:39:19 $76241.0]	INFO	Server is reloading all workers now
[2020-03-04 19:39:37 $76241.0]	INFO	Server is reloading all workers now
[2020-03-04 19:39:50 $76241.0]	INFO	Server is reloading all workers now
[2020-03-04 19:40:16 $76241.0]	INFO	Server is reloading all workers now
[2020-03-04 19:41:12 $76241.0]	INFO	Server is reloading all workers now
[2020-03-04 19:41:27 $76241.0]	INFO	Server is reloading all workers now
[2020-03-04 19:42:04 $76241.0]	INFO	Server is reloading all workers now
[2020-03-04 19:42:24 $76241.0]	INFO	Server is reloading all workers now
[2020-03-04 19:45:03 $76241.0]	INFO	Server is reloading all workers now
[2020-03-04 19:46:11 $76241.0]	INFO	Server is reloading all workers now
[2020-03-04 19:50:40 $76241.0]	INFO	Server is reloading all workers now
[2020-03-04 20:09:28 $76241.0]	INFO	Server is reloading all workers now
[2020-03-04 20:09:53 $76241.0]	INFO	Server is reloading all workers now
[2020-03-04 20:10:29 $76241.0]	INFO	Server is reloading all workers now
[2020-03-04 20:10:58 $76241.0]	INFO	Server is reloading all workers now
[2020-03-04 20:13:59 $76241.0]	INFO	Server is reloading all workers now
[2020-03-04 20:14:12 $76241.0]	INFO	Server is reloading all workers now
[2020-03-04 20:20:53 $76241.0]	INFO	Server is reloading all workers now
[2020-03-04 21:38:52 $76241.0]	INFO	Server is reloading all workers now
[2020-03-04 21:39:03 $76241.0]	INFO	Server is reloading all workers now
[2020-03-04 21:39:11 $76241.0]	INFO	Server is reloading all workers now
[2020-03-04 21:39:39 $76241.0]	INFO	Server is reloading all workers now
[2020-03-04 21:42:47 $76241.0]	INFO	Server is reloading all workers now
[2020-03-04 21:42:56 $76241.0]	INFO	Server is reloading all workers now
[2020-03-04 21:43:08 $76241.0]	INFO	Server is reloading all workers now
[2020-03-04 21:43:16 $76241.0]	INFO	Server is reloading all workers now
[2020-03-04 21:43:18 $76241.0]	INFO	Server is reloading all workers now
[2020-03-04 22:15:32 $76241.0]	INFO	Server is reloading all workers now
[2020-03-04 22:17:43 $76241.0]	INFO	Server is reloading all workers now
[2020-03-04 22:21:21 $76241.0]	INFO	Server is reloading all workers now
[2020-03-04 22:21:45 $76241.0]	INFO	Server is reloading all workers now
[2020-03-04 22:24:51 $76241.0]	INFO	Server is reloading all workers now
[2020-03-04 22:24:59 $76241.0]	INFO	Server is reloading all workers now
[2020-03-04 22:33:10 $76241.0]	INFO	Server is reloading all workers now
[2020-03-04 22:33:43 $76241.0]	INFO	Server is reloading all workers now
[2020-03-04 22:34:16 $76241.0]	INFO	Server is reloading all workers now
[2020-03-10 18:55:30 #60802.4]	WARNING	swSignal_callback (ERRNO 707): Unable to find callback function for signal Hangup: 1
[2020-03-10 18:55:30 $60803.0]	WARNING	swSignal_callback (ERRNO 707): Unable to find callback function for signal Hangup: 1
[2020-03-10 18:55:30 *60811.7]	WARNING	swSignal_callback (ERRNO 707): Unable to find callback function for signal Hangup: 1
[2020-03-10 18:55:30 *60810.6]	WARNING	swSignal_callback (ERRNO 707): Unable to find callback function for signal Hangup: 1
[2020-03-10 18:55:30 *60809.5]	WARNING	swSignal_callback (ERRNO 707): Unable to find callback function for signal Hangup: 1
[2020-03-10 18:55:30 *60808.4]	WARNING	swSignal_callback (ERRNO 707): Unable to find callback function for signal Hangup: 1
[2020-03-10 18:55:30 *60806.2]	WARNING	swSignal_callback (ERRNO 707): Unable to find callback function for signal Hangup: 1
[2020-03-10 18:55:30 *60807.3]	WARNING	swSignal_callback (ERRNO 707): Unable to find callback function for signal Hangup: 1
[2020-03-10 18:55:30 *60805.1]	WARNING	swSignal_callback (ERRNO 707): Unable to find callback function for signal Hangup: 1
[2020-03-10 18:55:30 $60803.0]	WARNING	swSignal_callback (ERRNO 707): Unable to find callback function for signal Hangup: 1
[2020-03-10 18:55:30 #60802.4]	WARNING	swSignal_callback (ERRNO 707): Unable to find callback function for signal Hangup: 1
[2020-03-10 18:55:30 $60803.0]	WARNING	swManager_check_exit_status: worker#12[pid=60816] abnormal exit, status=0, signal=1
[2020-03-10 18:55:30 *60804.0]	WARNING	swSignal_callback (ERRNO 707): Unable to find callback function for signal Hangup: 1
[2020-03-10 18:55:30 $60803.0]	WARNING	swManager_check_exit_status: worker#11[pid=60815] abnormal exit, status=0, signal=1
[2020-03-10 18:55:30 $60803.0]	WARNING	swManager_check_exit_status: worker#10[pid=60814] abnormal exit, status=0, signal=1
[2020-03-10 18:55:30 $60803.0]	WARNING	swManager_check_exit_status: worker#9[pid=60813] abnormal exit, status=0, signal=1
[2020-03-10 18:55:30 $60803.0]	WARNING	swManager_check_exit_status: worker#8[pid=60812] abnormal exit, status=0, signal=1
[2020-03-10 18:57:10 #60802.4]	INFO	Server is shutdown now
[2020-03-10 18:58:04 $61296.0]	INFO	Server is reloading all workers now
[2020-03-10 18:59:09 $61296.0]	INFO	Server is reloading all workers now
[2020-03-10 18:59:57 $61296.0]	INFO	Server is reloading all workers now
[2020-03-10 19:02:01 $61296.0]	INFO	Server is reloading all workers now
[2020-03-10 19:02:18 $61296.0]	INFO	Server is reloading all workers now
[2020-03-10 19:02:21 $61296.0]	INFO	Server is reloading all workers now
[2020-03-10 19:02:35 $61296.0]	INFO	Server is reloading all workers now
[2020-03-10 19:03:08 $61296.0]	INFO	Server is reloading all workers now
[2020-03-10 19:05:31 $61296.0]	INFO	Server is reloading all workers now
[2020-03-10 19:05:41 $61296.0]	INFO	Server is reloading all workers now
[2020-03-10 19:05:44 $61296.0]	INFO	Server is reloading all workers now
[2020-03-10 19:05:55 $61296.0]	INFO	Server is reloading all workers now
[2020-03-10 19:06:10 $61296.0]	INFO	Server is reloading all workers now
[2020-03-10 19:06:37 $61296.0]	INFO	Server is reloading all workers now
[2020-03-10 19:07:41 $61296.0]	INFO	Server is reloading all workers now
[2020-03-10 19:08:06 $61296.0]	INFO	Server is reloading all workers now
[2020-03-10 19:08:11 $61296.0]	INFO	Server is reloading all workers now
[2020-03-10 19:09:38 $61296.0]	INFO	Server is reloading all workers now
[2020-03-10 19:09:51 $61296.0]	INFO	Server is reloading all workers now
[2020-03-10 19:10:27 $61296.0]	INFO	Server is reloading all workers now
[2020-03-10 19:13:53 $61296.0]	INFO	Server is reloading all workers now
[2020-03-10 19:13:57 $61296.0]	INFO	Server is reloading all workers now
[2020-03-10 19:13:58 $61296.0]	INFO	Server is reloading all workers now
[2020-03-10 19:14:15 $61296.0]	INFO	Server is reloading all workers now
[2020-03-10 19:14:18 $61296.0]	INFO	Server is reloading all workers now
[2020-03-10 19:14:20 $61296.0]	INFO	Server is reloading all workers now
[2020-03-10 19:20:41 $61296.0]	INFO	Server is reloading all workers now
[2020-03-10 19:21:25 $61296.0]	INFO	Server is reloading all workers now
[2020-03-10 19:22:07 $61296.0]	INFO	Server is reloading all workers now
[2020-03-10 19:23:01 $61296.0]	INFO	Server is reloading all workers now
[2020-03-10 19:27:39 $61296.0]	INFO	Server is reloading all workers now
[2020-03-10 19:28:17 $61296.0]	INFO	Server is reloading all workers now
[2020-03-10 19:28:32 $61296.0]	INFO	Server is reloading all workers now
[2020-03-10 19:28:49 $61296.0]	INFO	Server is reloading all workers now
[2020-03-10 19:29:20 $61296.0]	INFO	Server is reloading all workers now
[2020-03-10 19:29:33 $61296.0]	INFO	Server is reloading all workers now
[2020-03-10 19:29:58 $61296.0]	INFO	Server is reloading all workers now
[2020-03-10 19:37:06 $61296.0]	INFO	Server is reloading all workers now
[2020-03-10 19:48:03 $61296.0]	INFO	Server is reloading all workers now
[2020-03-10 19:49:12 $61296.0]	INFO	Server is reloading all workers now
[2020-03-10 20:19:47 $61296.0]	INFO	Server is reloading all workers now
[2020-03-10 20:20:05 $61296.0]	INFO	Server is reloading all workers now
[2020-03-10 20:21:05 $61296.0]	INFO	Server is reloading all workers now
[2020-03-10 20:21:27 $61296.0]	INFO	Server is reloading all workers now
[2020-03-10 20:22:09 $61296.0]	INFO	Server is reloading all workers now
[2020-03-10 20:25:03 $61296.0]	INFO	Server is reloading all workers now
[2020-03-10 20:32:34 $61296.0]	INFO	Server is reloading all workers now
[2020-03-10 20:35:10 $61296.0]	INFO	Server is reloading all workers now
[2020-03-10 20:35:28 $61296.0]	INFO	Server is reloading all workers now
[2020-03-10 20:41:03 $61296.0]	INFO	Server is reloading all workers now
[2020-03-10 20:43:54 $61296.0]	INFO	Server is reloading all workers now
[2020-03-10 20:44:03 $61296.0]	INFO	Server is reloading all workers now
[2020-03-10 20:51:10 $61296.0]	INFO	Server is reloading all workers now
[2020-03-10 20:53:51 $61296.0]	INFO	Server is reloading all workers now
[2020-03-10 20:53:55 $61296.0]	INFO	Server is reloading all workers now
[2020-03-10 20:54:04 $61296.0]	INFO	Server is reloading all workers now
[2020-03-10 20:54:32 $61296.0]	INFO	Server is reloading all workers now
[2020-03-10 21:02:43 $61296.0]	INFO	Server is reloading all workers now
[2020-03-10 21:03:25 $61296.0]	INFO	Server is reloading all workers now
[2020-03-10 21:03:31 $61296.0]	INFO	Server is reloading all workers now
[2020-03-10 21:04:08 $61296.0]	INFO	Server is reloading all workers now
[2020-03-10 21:04:30 $61296.0]	INFO	Server is reloading all workers now
[2020-03-10 21:18:54 $61296.0]	INFO	Server is reloading all workers now
[2020-03-10 21:19:31 $61296.0]	INFO	Server is reloading all workers now
[2020-03-10 21:19:59 $61296.0]	INFO	Server is reloading all workers now
[2020-03-10 21:20:31 $61296.0]	INFO	Server is reloading all workers now
[2020-03-10 21:20:35 $61296.0]	INFO	Server is reloading all workers now
[2020-03-10 21:22:41 $61296.0]	INFO	Server is reloading all workers now
[2020-03-10 21:22:57 $61296.0]	INFO	Server is reloading all workers now
[2020-03-10 21:24:34 $61296.0]	INFO	Server is reloading all workers now
[2020-03-10 21:25:21 $61296.0]	INFO	Server is reloading all workers now
[2020-03-10 21:25:35 $61296.0]	INFO	Server is reloading all workers now
[2020-03-10 21:25:40 $61296.0]	INFO	Server is reloading all workers now
[2020-03-10 21:25:55 $61296.0]	INFO	Server is reloading all workers now
[2020-03-10 21:25:59 $61296.0]	INFO	Server is reloading all workers now
[2020-03-10 21:26:13 $61296.0]	INFO	Server is reloading all workers now
[2020-03-10 21:26:17 $61296.0]	INFO	Server is reloading all workers now
[2020-03-10 21:26:34 $61296.0]	INFO	Server is reloading all workers now
[2020-03-10 21:26:48 $61296.0]	INFO	Server is reloading all workers now
[2020-03-10 21:27:12 $61296.0]	INFO	Server is reloading all workers now
[2020-03-10 21:27:29 $61296.0]	INFO	Server is reloading all workers now
[2020-03-10 21:28:22 $61296.0]	INFO	Server is reloading all workers now
[2020-03-10 21:32:54 $61296.0]	INFO	Server is reloading all workers now
[2020-03-10 21:33:20 $61296.0]	INFO	Server is reloading all workers now
[2020-03-10 21:36:15 $61296.0]	INFO	Server is reloading all workers now
[2020-03-10 21:36:24 $61296.0]	INFO	Server is reloading all workers now
[2020-03-10 21:36:41 $61296.0]	INFO	Server is reloading all workers now
[2020-03-10 21:36:44 $61296.0]	INFO	Server is reloading all workers now
[2020-03-10 22:08:07 $61296.0]	INFO	Server is reloading all workers now
[2020-03-10 22:10:47 $61296.0]	INFO	Server is reloading all workers now
[2020-03-10 22:10:55 $61296.0]	INFO	Server is reloading all workers now
[2020-03-10 22:25:18 $61296.0]	INFO	Server is reloading all workers now
[2020-03-10 22:26:33 $61296.0]	INFO	Server is reloading all workers now
[2020-03-10 22:26:42 $61296.0]	INFO	Server is reloading all workers now
[2020-03-10 22:27:29 $61296.0]	INFO	Server is reloading all workers now
[2020-03-10 22:27:48 $61296.0]	INFO	Server is reloading all workers now
[2020-03-10 22:27:58 $61296.0]	INFO	Server is reloading all workers now
[2020-03-10 22:28:47 $61296.0]	INFO	Server is reloading all workers now
[2020-03-10 22:30:03 $61296.0]	INFO	Server is reloading all workers now
[2020-03-10 22:30:11 $61296.0]	INFO	Server is reloading all workers now
[2020-03-10 22:30:29 $61296.0]	INFO	Server is reloading all workers now
[2020-03-10 22:30:53 $61296.0]	INFO	Server is reloading all workers now
[2020-03-10 22:31:18 $61296.0]	INFO	Server is reloading all workers now
[2020-03-10 22:37:37 $61296.0]	INFO	Server is reloading all workers now
[2020-03-10 22:40:29 $61296.0]	INFO	Server is reloading all workers now
[2020-03-10 22:59:14 $61296.0]	INFO	Server is reloading all workers now
[2020-03-10 23:31:15 $66818.0]	INFO	Server is reloading all workers now
[2020-03-10 23:31:36 $66818.0]	INFO	Server is reloading all workers now
[2020-03-10 23:31:52 $66818.0]	INFO	Server is reloading all workers now
[2020-03-10 23:36:43 $66818.0]	INFO	Server is reloading all workers now
[2020-03-10 23:36:49 $66818.0]	INFO	Server is reloading all workers now
[2020-03-10 23:38:37 $66818.0]	INFO	Server is reloading all workers now
[2020-03-10 23:44:19 $66818.0]	INFO	Server is reloading all workers now
[2020-03-10 23:45:05 $66818.0]	INFO	Server is reloading all workers now
[2020-03-10 23:45:09 $66818.0]	INFO	Server is reloading all workers now
[2020-03-11 01:13:05 $66818.0]	INFO	Server is reloading all workers now
[2020-03-11 01:13:32 $66818.0]	INFO	Server is reloading all workers now
[2020-03-11 01:13:37 $66818.0]	INFO	Server is reloading all workers now
[2020-03-11 01:14:23 $66818.0]	INFO	Server is reloading all workers now
[2020-03-11 01:14:43 $66818.0]	INFO	Server is reloading all workers now
[2020-03-11 15:21:40 $82147.0]	INFO	Server is reloading all workers now
[2020-03-11 15:24:42 $82147.0]	INFO	Server is reloading all workers now
[2020-03-11 15:36:37 $82147.0]	INFO	Server is reloading all workers now
[2020-03-11 15:37:19 $82147.0]	INFO	Server is reloading all workers now
[2020-03-11 15:40:03 $82147.0]	INFO	Server is reloading all workers now
[2020-03-11 15:41:56 $84166.0]	INFO	Server is reloading all workers now
[2020-03-11 15:42:00 $84166.0]	INFO	Server is reloading all workers now
[2020-03-11 15:52:00 $84166.0]	INFO	Server is reloading all workers now
[2020-03-11 15:54:56 $84166.0]	INFO	Server is reloading all workers now
[2020-03-11 15:55:03 $84166.0]	INFO	Server is reloading all workers now
[2020-03-11 15:55:38 $84166.0]	INFO	Server is reloading all workers now
[2020-03-11 15:55:40 $84166.0]	INFO	Server is reloading all workers now
[2020-03-11 15:57:27 $84166.0]	INFO	Server is reloading all workers now
[2020-03-11 15:59:59 $84166.0]	INFO	Server is reloading all workers now
[2020-03-11 16:00:35 $84166.0]	INFO	Server is reloading all workers now
[2020-03-11 16:01:14 $84166.0]	INFO	Server is reloading all workers now
[2020-03-11 16:28:27 $84166.0]	INFO	Server is reloading all workers now
[2020-03-11 16:31:30 $84166.0]	INFO	Server is reloading all workers now
[2020-03-11 16:37:28 $84166.0]	INFO	Server is reloading all workers now
[2020-03-11 16:39:33 $84166.0]	INFO	Server is reloading all workers now
[2020-03-11 16:40:21 $84166.0]	INFO	Server is reloading all workers now
[2020-03-11 16:41:55 $84166.0]	INFO	Server is reloading all workers now
[2020-03-11 16:42:14 $84166.0]	INFO	Server is reloading all workers now
[2020-03-11 16:46:58 $84166.0]	INFO	Server is reloading all workers now
[2020-03-11 16:49:07 $84166.0]	INFO	Server is reloading all workers now
[2020-03-11 16:50:04 $84166.0]	INFO	Server is reloading all workers now
[2020-03-11 16:50:42 $84166.0]	INFO	Server is reloading all workers now
[2020-03-11 16:56:48 $84166.0]	INFO	Server is reloading all workers now
[2020-03-11 16:59:22 $84166.0]	INFO	Server is reloading all workers now
[2020-03-11 17:02:37 $84166.0]	INFO	Server is reloading all workers now
[2020-03-11 17:03:45 $84166.0]	INFO	Server is reloading all workers now
[2020-03-11 17:05:06 $84166.0]	INFO	Server is reloading all workers now
[2020-03-11 17:08:54 $84166.0]	INFO	Server is reloading all workers now
[2020-03-11 17:10:21 $84166.0]	INFO	Server is reloading all workers now
[2020-03-11 17:10:44 $84166.0]	INFO	Server is reloading all workers now
[2020-03-11 17:11:26 $84166.0]	INFO	Server is reloading all workers now
[2020-03-11 17:11:58 $84166.0]	INFO	Server is reloading all workers now
[2020-03-11 17:12:31 $84166.0]	INFO	Server is reloading all workers now
[2020-03-11 17:12:33 $84166.0]	INFO	Server is reloading all workers now
[2020-03-11 17:13:38 $84166.0]	INFO	Server is reloading all workers now
[2020-03-11 17:13:53 $84166.0]	INFO	Server is reloading all workers now
[2020-03-11 17:14:21 $84166.0]	INFO	Server is reloading all workers now
[2020-03-11 17:14:45 $84166.0]	INFO	Server is reloading all workers now
[2020-03-11 17:15:17 $84166.0]	INFO	Server is reloading all workers now
[2020-03-11 17:15:28 $84166.0]	INFO	Server is reloading all workers now
[2020-03-11 17:20:46 $84166.0]	INFO	Server is reloading all workers now
[2020-03-11 17:21:18 $84166.0]	INFO	Server is reloading all workers now
[2020-03-11 17:22:59 $84166.0]	INFO	Server is reloading all workers now
[2020-03-11 17:55:21 $84166.0]	INFO	Server is reloading all workers now
[2020-03-11 17:59:03 *86734.5]	NOTICE	swFactoryProcess_finish (ERRNO 1005): connection[fd=9] does not exists
[2020-03-11 21:25:01 $84166.0]	INFO	Server is reloading all workers now
[2020-03-11 21:52:19 $84166.0]	INFO	Server is reloading all workers now
[2020-03-12 00:58:03 $94667.0]	INFO	Server is reloading all workers now
[2020-03-12 00:58:16 $94667.0]	INFO	Server is reloading all workers now
[2020-03-12 00:58:19 $94667.0]	INFO	Server is reloading all workers now
[2020-03-12 00:58:29 $94667.0]	INFO	Server is reloading all workers now
[2020-03-12 00:58:44 $94667.0]	INFO	Server is reloading all workers now
[2020-03-12 00:59:00 $94667.0]	INFO	Server is reloading all workers now
[2020-03-12 00:59:06 $94667.0]	INFO	Server is reloading all workers now
[2020-03-12 00:59:12 $94667.0]	INFO	Server is reloading all workers now
[2020-03-12 16:24:55 $12697.0]	INFO	Server is reloading all workers now
[2020-03-12 16:29:02 $12933.0]	INFO	Server is reloading all workers now
[2020-03-12 16:29:19 $12933.0]	INFO	Server is reloading all workers now
[2020-03-12 16:30:28 $13042.0]	INFO	Server is reloading all workers now
[2020-03-12 16:30:48 $13042.0]	INFO	Server is reloading all workers now
[2020-03-12 17:41:13 $13186.0]	INFO	Server is reloading all workers now
[2020-03-12 17:41:44 $13186.0]	INFO	Server is reloading all workers now
[2020-03-12 17:42:00 $13186.0]	INFO	Server is reloading all workers now
[2020-03-12 18:09:59 $13186.0]	INFO	Server is reloading all workers now
[2020-03-12 18:10:27 $13186.0]	INFO	Server is reloading all workers now
[2020-03-12 18:11:22 $13186.0]	INFO	Server is reloading all workers now
[2020-03-12 18:12:17 $13186.0]	INFO	Server is reloading all workers now
[2020-03-12 18:12:31 $13186.0]	INFO	Server is reloading all workers now
[2020-03-12 18:13:56 $13186.0]	INFO	Server is reloading all workers now
[2020-03-12 18:18:59 *14784.5]	NOTICE	swFactoryProcess_finish (ERRNO 1004): send 1045 byte failed, because connection[fd=12] is closed
[2020-03-12 18:20:59 $13186.0]	INFO	Server is reloading all workers now
[2020-03-12 18:21:34 $13186.0]	INFO	Server is reloading all workers now
[2020-03-13 12:57:41 *34633.5]	NOTICE	swFactoryProcess_finish (ERRNO 1005): connection[fd=1] does not exists
[2020-03-13 19:22:01 $35656.0]	INFO	Server is reloading all workers now
[2020-03-13 19:22:10 $35656.0]	INFO	Server is reloading all workers now
[2020-03-13 19:23:55 $35656.0]	INFO	Server is reloading all workers now
[2020-03-13 19:24:06 $35656.0]	INFO	Server is reloading all workers now
[2020-03-13 19:24:34 $35656.0]	INFO	Server is reloading all workers now
[2020-03-13 19:24:38 $35656.0]	INFO	Server is reloading all workers now
[2020-03-13 19:24:47 $35656.0]	INFO	Server is reloading all workers now
[2020-03-13 19:25:02 $35656.0]	INFO	Server is reloading all workers now
[2020-03-13 19:26:12 $35656.0]	INFO	Server is reloading all workers now
[2020-03-13 19:28:52 $35656.0]	INFO	Server is reloading all workers now
[2020-03-13 19:36:10 *41333.5]	NOTICE	swFactoryProcess_finish (ERRNO 1005): connection[fd=15] does not exists
[2020-03-13 20:03:00 $35656.0]	INFO	Server is reloading all workers now
[2020-03-13 21:28:01 $35656.0]	INFO	Server is reloading all workers now
[2020-03-13 21:28:31 $35656.0]	INFO	Server is reloading all workers now
[2020-03-13 21:28:34 $35656.0]	INFO	Server is reloading all workers now
[2020-03-13 21:30:47 $35656.0]	INFO	Server is reloading all workers now
[2020-03-14 00:16:26 $35656.0]	INFO	Server is reloading all workers now
[2020-03-14 00:47:26 $35656.0]	INFO	Server is reloading all workers now
[2020-03-14 00:47:58 $35656.0]	INFO	Server is reloading all workers now
[2020-03-14 00:48:08 $35656.0]	INFO	Server is reloading all workers now
[2020-03-14 00:48:54 $35656.0]	INFO	Server is reloading all workers now
[2020-03-14 00:51:31 $35656.0]	INFO	Server is reloading all workers now
[2020-03-14 00:52:07 $35656.0]	INFO	Server is reloading all workers now
[2020-03-14 00:55:15 $35656.0]	INFO	Server is reloading all workers now
[2020-03-14 00:56:09 $35656.0]	INFO	Server is reloading all workers now
[2020-03-14 00:56:47 $35656.0]	INFO	Server is reloading all workers now
[2020-03-14 00:58:14 $35656.0]	INFO	Server is reloading all workers now
[2020-03-14 01:00:16 $35656.0]	INFO	Server is reloading all workers now
[2020-03-14 01:01:29 $35656.0]	INFO	Server is reloading all workers now
[2020-03-14 01:02:35 $35656.0]	INFO	Server is reloading all workers now
[2020-03-14 01:02:52 $35656.0]	INFO	Server is reloading all workers now
[2020-03-14 01:03:52 $35656.0]	INFO	Server is reloading all workers now
[2020-03-14 01:03:56 $35656.0]	INFO	Server is reloading all workers now
[2020-03-14 01:33:26 $47234.0]	INFO	Server is reloading all workers now
[2020-03-14 23:57:19 *68292.5]	NOTICE	swFactoryProcess_finish (ERRNO 1005): connection[fd=2] does not exists
[2020-03-15 13:28:44 $82970.0]	INFO	Server is reloading all workers now
[2020-03-15 13:28:59 $82970.0]	INFO	Server is reloading all workers now
[2020-03-15 13:31:25 $82970.0]	INFO	Server is reloading all workers now
[2020-03-16 14:20:18 *94507.6]	NOTICE	swFactoryProcess_finish (ERRNO 1005): connection[fd=2] does not exists
[2020-03-16 14:20:18 *94506.5]	NOTICE	swFactoryProcess_finish (ERRNO 1005): connection[fd=1] does not exists
[2020-03-16 16:49:38 $94500.0]	INFO	Server is reloading all workers now
[2020-03-16 16:50:20 $94500.0]	INFO	Server is reloading all workers now
[2020-03-16 16:51:10 $94500.0]	INFO	Server is reloading all workers now
[2020-03-16 16:51:28 $94500.0]	INFO	Server is reloading all workers now
[2020-03-16 17:00:55 $94500.0]	INFO	Server is reloading all workers now
[2020-03-16 17:01:01 $94500.0]	INFO	Server is reloading all workers now
[2020-03-16 17:02:27 $94500.0]	INFO	Server is reloading all workers now
[2020-03-16 17:02:48 $94500.0]	INFO	Server is reloading all workers now
[2020-03-16 17:03:43 $94500.0]	INFO	Server is reloading all workers now
[2020-03-16 17:03:57 $94500.0]	INFO	Server is reloading all workers now
[2020-03-16 17:04:49 $94500.0]	INFO	Server is reloading all workers now
[2020-03-16 17:05:21 $94500.0]	INFO	Server is reloading all workers now
[2020-03-16 17:06:54 $94500.0]	INFO	Server is reloading all workers now
[2020-03-16 17:07:38 $94500.0]	INFO	Server is reloading all workers now
[2020-03-16 17:10:50 $94500.0]	INFO	Server is reloading all workers now
[2020-03-16 17:13:09 $94500.0]	INFO	Server is reloading all workers now
[2020-03-16 17:15:10 $94500.0]	INFO	Server is reloading all workers now
[2020-03-16 17:15:14 $94500.0]	INFO	Server is reloading all workers now
[2020-03-16 17:15:31 $94500.0]	INFO	Server is reloading all workers now
[2020-03-16 17:15:36 $94500.0]	INFO	Server is reloading all workers now
[2020-03-16 17:20:15 $94500.0]	INFO	Server is reloading all workers now
[2020-03-16 17:20:39 $94500.0]	INFO	Server is reloading all workers now
[2020-03-16 17:22:25 $94500.0]	INFO	Server is reloading all workers now
[2020-03-16 17:22:31 $94500.0]	INFO	Server is reloading all workers now
[2020-03-16 17:22:53 $94500.0]	INFO	Server is reloading all workers now
[2020-03-16 17:23:35 $94500.0]	INFO	Server is reloading all workers now
[2020-03-16 17:29:36 $94500.0]	INFO	Server is reloading all workers now
[2020-03-16 17:29:46 $94500.0]	INFO	Server is reloading all workers now
[2020-03-16 17:30:23 $94500.0]	INFO	Server is reloading all workers now
[2020-03-16 17:31:14 $94500.0]	INFO	Server is reloading all workers now
[2020-03-16 17:31:16 $94500.0]	INFO	Server is reloading all workers now
[2020-03-16 17:31:21 $94500.0]	INFO	Server is reloading all workers now
[2020-03-16 17:32:21 $94500.0]	INFO	Server is reloading all workers now
[2020-03-16 17:33:57 $94500.0]	INFO	Server is reloading all workers now
[2020-03-16 17:39:18 $94500.0]	INFO	Server is reloading all workers now
[2020-03-16 17:40:56 $94500.0]	INFO	Server is reloading all workers now
[2020-03-16 17:41:08 $94500.0]	INFO	Server is reloading all workers now
[2020-03-16 17:41:44 $94500.0]	INFO	Server is reloading all workers now
[2020-03-16 17:43:55 $94500.0]	INFO	Server is reloading all workers now
[2020-03-16 17:44:29 $94500.0]	INFO	Server is reloading all workers now
[2020-03-16 17:44:32 $94500.0]	INFO	Server is reloading all workers now
[2020-03-16 17:45:38 $94500.0]	INFO	Server is reloading all workers now
[2020-03-16 17:47:55 $94500.0]	INFO	Server is reloading all workers now
[2020-03-16 17:49:22 $12040.0]	INFO	Server is reloading all workers now
[2020-03-16 17:50:51 $12040.0]	INFO	Server is reloading all workers now
[2020-03-16 17:52:38 $12040.0]	INFO	Server is reloading all workers now
[2020-03-16 17:54:22 $12040.0]	INFO	Server is reloading all workers now
[2020-03-16 17:54:29 $12040.0]	INFO	Server is reloading all workers now
[2020-03-16 17:54:36 $12040.0]	INFO	Server is reloading all workers now
[2020-03-16 17:56:51 $12040.0]	INFO	Server is reloading all workers now
[2020-03-16 17:56:53 $12040.0]	INFO	Server is reloading all workers now
[2020-03-16 17:56:58 $12040.0]	INFO	Server is reloading all workers now
[2020-03-16 17:57:02 $12040.0]	INFO	Server is reloading all workers now
[2020-03-16 17:57:46 $12040.0]	INFO	Server is reloading all workers now
[2020-03-16 17:58:15 $12040.0]	INFO	Server is reloading all workers now
[2020-03-16 18:33:11 $12040.0]	INFO	Server is reloading all workers now
[2020-03-16 18:33:37 $12040.0]	INFO	Server is reloading all workers now
[2020-03-17 14:47:33 *887.5]	NOTICE	swFactoryProcess_finish (ERRNO 1005): connection[fd=1] does not exists
[2020-03-17 14:47:33 *888.6]	NOTICE	swFactoryProcess_finish (ERRNO 1005): connection[fd=2] does not exists
[2020-03-17 17:50:47 $881.0]	INFO	Server is reloading all workers now
[2020-03-17 17:50:55 $881.0]	INFO	Server is reloading all workers now
[2020-03-17 17:51:50 $881.0]	INFO	Server is reloading all workers now
[2020-03-17 17:51:56 $881.0]	INFO	Server is reloading all workers now
[2020-03-17 17:52:05 $881.0]	INFO	Server is reloading all workers now
[2020-03-17 17:52:10 $881.0]	INFO	Server is reloading all workers now
[2020-03-17 17:52:40 $881.0]	INFO	Server is reloading all workers now
[2020-03-17 17:52:57 $881.0]	INFO	Server is reloading all workers now
[2020-03-17 17:53:05 $881.0]	INFO	Server is reloading all workers now
[2020-03-17 17:53:14 $881.0]	INFO	Server is reloading all workers now
[2020-03-17 17:53:23 $881.0]	INFO	Server is reloading all workers now
[2020-03-17 17:54:09 $881.0]	INFO	Server is reloading all workers now
[2020-03-17 17:55:33 $881.0]	INFO	Server is reloading all workers now
[2020-03-17 17:55:44 $881.0]	INFO	Server is reloading all workers now
[2020-03-17 17:56:55 $881.0]	INFO	Server is reloading all workers now
[2020-03-17 17:57:12 $881.0]	INFO	Server is reloading all workers now
[2020-03-17 17:58:14 $881.0]	INFO	Server is reloading all workers now
[2020-03-17 17:59:36 $881.0]	INFO	Server is reloading all workers now
[2020-03-17 18:00:13 $881.0]	INFO	Server is reloading all workers now
[2020-03-17 18:00:52 $881.0]	INFO	Server is reloading all workers now
[2020-03-17 18:01:11 $881.0]	INFO	Server is reloading all workers now
[2020-03-17 18:01:57 $881.0]	INFO	Server is reloading all workers now
[2020-03-17 18:02:55 $881.0]	INFO	Server is reloading all workers now
[2020-03-17 18:03:37 $881.0]	INFO	Server is reloading all workers now
[2020-03-17 18:04:07 $881.0]	INFO	Server is reloading all workers now
[2020-03-17 18:04:10 $881.0]	INFO	Server is reloading all workers now
[2020-03-17 18:04:15 $881.0]	INFO	Server is reloading all workers now
[2020-03-17 18:04:23 $881.0]	INFO	Server is reloading all workers now
[2020-03-17 18:04:30 $881.0]	INFO	Server is reloading all workers now
[2020-03-17 18:04:34 $881.0]	INFO	Server is reloading all workers now
[2020-03-17 18:05:04 $881.0]	INFO	Server is reloading all workers now
[2020-03-17 18:06:59 $881.0]	INFO	Server is reloading all workers now
[2020-03-17 18:07:26 $881.0]	INFO	Server is reloading all workers now
[2020-03-17 18:10:50 $881.0]	INFO	Server is reloading all workers now
[2020-03-17 18:10:58 $881.0]	INFO	Server is reloading all workers now
[2020-03-17 18:14:44 $881.0]	INFO	Server is reloading all workers now
[2020-03-17 18:15:05 $881.0]	INFO	Server is reloading all workers now
[2020-03-17 18:15:12 $881.0]	INFO	Server is reloading all workers now
[2020-03-17 18:15:21 $881.0]	INFO	Server is reloading all workers now
[2020-03-17 18:15:26 $881.0]	INFO	Server is reloading all workers now
[2020-03-17 18:15:58 *4566.5]	ERROR	php_swoole_server_rshutdown (ERRNO 503): Fatal error: Class 'App\HttpController\Controller' not found in /Users/guoyuzhao/sites/lifadian/App/HttpController/Orders.php on line 4
[2020-03-17 18:15:58 $881.0]	WARNING	swManager_check_exit_status: worker#5[pid=4566] abnormal exit, status=255, signal=0
[2020-03-17 18:17:07 $881.0]	INFO	Server is reloading all workers now
[2020-03-17 18:18:14 $881.0]	INFO	Server is reloading all workers now
[2020-03-17 18:18:17 $881.0]	INFO	Server is reloading all workers now
[2020-03-17 18:19:40 $881.0]	INFO	Server is reloading all workers now
[2020-03-17 18:20:36 $881.0]	INFO	Server is reloading all workers now
[2020-03-17 18:20:52 $881.0]	INFO	Server is reloading all workers now
[2020-03-17 18:21:21 $881.0]	INFO	Server is reloading all workers now
[2020-03-17 18:21:56 $881.0]	INFO	Server is reloading all workers now
[2020-03-17 18:26:27 $881.0]	INFO	Server is reloading all workers now
[2020-03-17 18:26:50 $881.0]	INFO	Server is reloading all workers now
[2020-03-17 18:30:44 $881.0]	INFO	Server is reloading all workers now
[2020-03-17 18:34:40 $881.0]	INFO	Server is reloading all workers now
[2020-03-17 18:34:44 $881.0]	INFO	Server is reloading all workers now
[2020-03-17 18:34:59 $881.0]	INFO	Server is reloading all workers now
[2020-03-17 18:35:04 $881.0]	INFO	Server is reloading all workers now
[2020-03-17 20:57:19 $881.0]	INFO	Server is reloading all workers now
[2020-03-17 20:58:59 $881.0]	INFO	Server is reloading all workers now
[2020-03-17 22:31:02 $881.0]	INFO	Server is reloading all workers now
